<?xml version="1.0" encoding="UTF-8"?>
<testsuite xmlns:xsi="http://www.w3.org/2001/XMLSchema-instance" xsi:noNamespaceSchemaLocation="https://maven.apache.org/surefire/maven-surefire-plugin/xsd/surefire-test-report.xsd" name="OrderTests" time="3.659" tests="4" errors="0" skipped="0" failures="0">
  <properties>
[...]
</properties>
  <testcase name="createOrderWithDifferentColors{String[]}[1]" classname="OrderTests" time="0.962"/>
  <testcase name="createOrderWithDifferentColors{String[]}[2]" classname="OrderTests" time="1.018"/>
  <testcase name="createOrderWithDifferentColors{String[]}[3]" classname="OrderTests" time="0.84"/>
  <testcase name="createOrderWithDifferentColors{String[]}[4]" classname="OrderTests" time="0.795"/>
</testsuite>